[0.695s] DEBUG:colcon:Command line arguments: ['/usr/bin/colcon', 'build']
[0.695s] DEBUG:colcon:Parsed command line arguments: Namespace(log_base=None, log_level=None, verb_name='build', build_base='build', install_base='install', merge_install=False, symlink_install=False, test_result_base=None, continue_on_error=False, executor='parallel', parallel_workers=4, event_handlers=None, ignore_user_meta=False, metas=['./colcon.meta'], base_paths=['.'], packages_ignore=None, packages_ignore_regex=None, paths=None, packages_up_to=None, packages_up_to_regex=None, packages_above=None, packages_above_and_dependencies=None, packages_above_depth=None, packages_select_by_dep=None, packages_skip_by_dep=None, packages_skip_up_to=None, packages_select_build_failed=False, packages_skip_build_finished=False, packages_select_test_failures=False, packages_skip_test_passed=False, packages_select=None, packages_skip=None, packages_select_regex=None, packages_skip_regex=None, packages_start=None, packages_end=None, allow_overriding=[], cmake_args=None, cmake_target=None, cmake_target_skip_unavailable=False, cmake_clean_cache=False, cmake_clean_first=False, cmake_force_configure=False, ament_cmake_args=None, catkin_cmake_args=None, catkin_skip_building_tests=False, verb_parser=<colcon_defaults.argument_parser.defaults.DefaultArgumentsDecorator object at 0xfffff6a75bd0>, verb_extension=<colcon_core.verb.build.BuildVerb object at 0xfffff684cfd0>, main=<bound method BuildVerb.main of <colcon_core.verb.build.BuildVerb object at 0xfffff684cfd0>>)
[1.253s] Level 1:colcon.colcon_core.package_discovery:discover_packages(colcon_meta) check parameters
[1.253s] Level 1:colcon.colcon_core.package_discovery:discover_packages(recursive) check parameters
[1.253s] Level 1:colcon.colcon_core.package_discovery:discover_packages(ignore) check parameters
[1.253s] Level 1:colcon.colcon_core.package_discovery:discover_packages(path) check parameters
[1.253s] Level 1:colcon.colcon_core.package_discovery:discover_packages(colcon_meta) discover
[1.254s] Level 1:colcon.colcon_core.package_discovery:discover_packages(recursive) discover
[1.254s] INFO:colcon.colcon_core.package_discovery:Crawling recursively for packages in '/home/urc/rover'
[1.254s] Level 1:colcon.colcon_core.package_identification:_identify(.) by extensions ['ignore', 'ignore_ament_install']
[1.255s] Level 1:colcon.colcon_core.package_identification:_identify(.) by extension 'ignore'
[1.255s] Level 1:colcon.colcon_core.package_identification:_identify(.) by extension 'ignore_ament_install'
[1.255s] Level 1:colcon.colcon_core.package_identification:_identify(.) by extensions ['colcon_pkg']
[1.255s] Level 1:colcon.colcon_core.package_identification:_identify(.) by extension 'colcon_pkg'
[1.256s] Level 1:colcon.colcon_core.package_identification:_identify(.) by extensions ['colcon_meta']
[1.256s] Level 1:colcon.colcon_core.package_identification:_identify(.) by extension 'colcon_meta'
[1.256s] Level 1:colcon.colcon_core.package_identification:_identify(.) by extensions ['ros']
[1.256s] Level 1:colcon.colcon_core.package_identification:_identify(.) by extension 'ros'
[1.307s] Level 1:colcon.colcon_core.package_identification:_identify(.) by extensions ['cmake', 'python']
[1.307s] Level 1:colcon.colcon_core.package_identification:_identify(.) by extension 'cmake'
[1.307s] Level 1:colcon.colcon_core.package_identification:_identify(.) by extension 'python'
[1.307s] Level 1:colcon.colcon_core.package_identification:_identify(.) by extensions ['python_setup_py']
[1.307s] Level 1:colcon.colcon_core.package_identification:_identify(.) by extension 'python_setup_py'
[1.308s] Level 1:colcon.colcon_core.package_identification:_identify(build) by extensions ['ignore', 'ignore_ament_install']
[1.308s] Level 1:colcon.colcon_core.package_identification:_identify(build) by extension 'ignore'
[1.309s] Level 1:colcon.colcon_core.package_identification:_identify(build) ignored
[1.309s] Level 1:colcon.colcon_core.package_identification:_identify(install) by extensions ['ignore', 'ignore_ament_install']
[1.310s] Level 1:colcon.colcon_core.package_identification:_identify(install) by extension 'ignore'
[1.310s] Level 1:colcon.colcon_core.package_identification:_identify(install) ignored
[1.310s] Level 1:colcon.colcon_core.package_identification:_identify(log) by extensions ['ignore', 'ignore_ament_install']
[1.311s] Level 1:colcon.colcon_core.package_identification:_identify(log) by extension 'ignore'
[1.311s] Level 1:colcon.colcon_core.package_identification:_identify(log) ignored
[1.311s] Level 1:colcon.colcon_core.package_identification:_identify(src) by extensions ['ignore', 'ignore_ament_install']
[1.312s] Level 1:colcon.colcon_core.package_identification:_identify(src) by extension 'ignore'
[1.312s] Level 1:colcon.colcon_core.package_identification:_identify(src) by extension 'ignore_ament_install'
[1.312s] Level 1:colcon.colcon_core.package_identification:_identify(src) by extensions ['colcon_pkg']
[1.312s] Level 1:colcon.colcon_core.package_identification:_identify(src) by extension 'colcon_pkg'
[1.312s] Level 1:colcon.colcon_core.package_identification:_identify(src) by extensions ['colcon_meta']
[1.313s] Level 1:colcon.colcon_core.package_identification:_identify(src) by extension 'colcon_meta'
[1.313s] Level 1:colcon.colcon_core.package_identification:_identify(src) by extensions ['ros']
[1.313s] Level 1:colcon.colcon_core.package_identification:_identify(src) by extension 'ros'
[1.313s] Level 1:colcon.colcon_core.package_identification:_identify(src) by extensions ['cmake', 'python']
[1.313s] Level 1:colcon.colcon_core.package_identification:_identify(src) by extension 'cmake'
[1.314s] Level 1:colcon.colcon_core.package_identification:_identify(src) by extension 'python'
[1.314s] Level 1:colcon.colcon_core.package_identification:_identify(src) by extensions ['python_setup_py']
[1.314s] Level 1:colcon.colcon_core.package_identification:_identify(src) by extension 'python_setup_py'
[1.314s] Level 1:colcon.colcon_core.package_identification:_identify(src/realsense-ros) by extensions ['ignore', 'ignore_ament_install']
[1.315s] Level 1:colcon.colcon_core.package_identification:_identify(src/realsense-ros) by extension 'ignore'
[1.315s] Level 1:colcon.colcon_core.package_identification:_identify(src/realsense-ros) by extension 'ignore_ament_install'
[1.315s] Level 1:colcon.colcon_core.package_identification:_identify(src/realsense-ros) by extensions ['colcon_pkg']
[1.315s] Level 1:colcon.colcon_core.package_identification:_identify(src/realsense-ros) by extension 'colcon_pkg'
[1.316s] Level 1:colcon.colcon_core.package_identification:_identify(src/realsense-ros) by extensions ['colcon_meta']
[1.316s] Level 1:colcon.colcon_core.package_identification:_identify(src/realsense-ros) by extension 'colcon_meta'
[1.316s] Level 1:colcon.colcon_core.package_identification:_identify(src/realsense-ros) by extensions ['ros']
[1.316s] Level 1:colcon.colcon_core.package_identification:_identify(src/realsense-ros) by extension 'ros'
[1.316s] Level 1:colcon.colcon_core.package_identification:_identify(src/realsense-ros) by extensions ['cmake', 'python']
[1.317s] Level 1:colcon.colcon_core.package_identification:_identify(src/realsense-ros) by extension 'cmake'
[1.317s] Level 1:colcon.colcon_core.package_identification:_identify(src/realsense-ros) by extension 'python'
[1.317s] Level 1:colcon.colcon_core.package_identification:_identify(src/realsense-ros) by extensions ['python_setup_py']
[1.317s] Level 1:colcon.colcon_core.package_identification:_identify(src/realsense-ros) by extension 'python_setup_py'
[1.318s] Level 1:colcon.colcon_core.package_identification:_identify(src/realsense-ros/realsense2_camera) by extensions ['ignore', 'ignore_ament_install']
[1.318s] Level 1:colcon.colcon_core.package_identification:_identify(src/realsense-ros/realsense2_camera) by extension 'ignore'
[1.318s] Level 1:colcon.colcon_core.package_identification:_identify(src/realsense-ros/realsense2_camera) by extension 'ignore_ament_install'
[1.319s] Level 1:colcon.colcon_core.package_identification:_identify(src/realsense-ros/realsense2_camera) by extensions ['colcon_pkg']
[1.319s] Level 1:colcon.colcon_core.package_identification:_identify(src/realsense-ros/realsense2_camera) by extension 'colcon_pkg'
[1.319s] Level 1:colcon.colcon_core.package_identification:_identify(src/realsense-ros/realsense2_camera) by extensions ['colcon_meta']
[1.319s] Level 1:colcon.colcon_core.package_identification:_identify(src/realsense-ros/realsense2_camera) by extension 'colcon_meta'
[1.319s] Level 1:colcon.colcon_core.package_identification:_identify(src/realsense-ros/realsense2_camera) by extensions ['ros']
[1.319s] Level 1:colcon.colcon_core.package_identification:_identify(src/realsense-ros/realsense2_camera) by extension 'ros'
[1.351s] DEBUG:colcon.colcon_core.package_identification:Package 'src/realsense-ros/realsense2_camera' with type 'ros.ament_cmake' and name 'realsense2_camera'
[1.352s] Level 1:colcon.colcon_core.package_identification:_identify(src/realsense-ros/realsense2_camera_msgs) by extensions ['ignore', 'ignore_ament_install']
[1.352s] Level 1:colcon.colcon_core.package_identification:_identify(src/realsense-ros/realsense2_camera_msgs) by extension 'ignore'
[1.352s] Level 1:colcon.colcon_core.package_identification:_identify(src/realsense-ros/realsense2_camera_msgs) by extension 'ignore_ament_install'
[1.353s] Level 1:colcon.colcon_core.package_identification:_identify(src/realsense-ros/realsense2_camera_msgs) by extensions ['colcon_pkg']
[1.353s] Level 1:colcon.colcon_core.package_identification:_identify(src/realsense-ros/realsense2_camera_msgs) by extension 'colcon_pkg'
[1.353s] Level 1:colcon.colcon_core.package_identification:_identify(src/realsense-ros/realsense2_camera_msgs) by extensions ['colcon_meta']
[1.353s] Level 1:colcon.colcon_core.package_identification:_identify(src/realsense-ros/realsense2_camera_msgs) by extension 'colcon_meta'
[1.353s] Level 1:colcon.colcon_core.package_identification:_identify(src/realsense-ros/realsense2_camera_msgs) by extensions ['ros']
[1.354s] Level 1:colcon.colcon_core.package_identification:_identify(src/realsense-ros/realsense2_camera_msgs) by extension 'ros'
[1.358s] DEBUG:colcon.colcon_core.package_identification:Package 'src/realsense-ros/realsense2_camera_msgs' with type 'ros.ament_cmake' and name 'realsense2_camera_msgs'
[1.358s] Level 1:colcon.colcon_core.package_identification:_identify(src/realsense-ros/realsense2_description) by extensions ['ignore', 'ignore_ament_install']
[1.359s] Level 1:colcon.colcon_core.package_identification:_identify(src/realsense-ros/realsense2_description) by extension 'ignore'
[1.359s] Level 1:colcon.colcon_core.package_identification:_identify(src/realsense-ros/realsense2_description) by extension 'ignore_ament_install'
[1.359s] Level 1:colcon.colcon_core.package_identification:_identify(src/realsense-ros/realsense2_description) by extensions ['colcon_pkg']
[1.359s] Level 1:colcon.colcon_core.package_identification:_identify(src/realsense-ros/realsense2_description) by extension 'colcon_pkg'
[1.360s] Level 1:colcon.colcon_core.package_identification:_identify(src/realsense-ros/realsense2_description) by extensions ['colcon_meta']
[1.360s] Level 1:colcon.colcon_core.package_identification:_identify(src/realsense-ros/realsense2_description) by extension 'colcon_meta'
[1.360s] Level 1:colcon.colcon_core.package_identification:_identify(src/realsense-ros/realsense2_description) by extensions ['ros']
[1.360s] Level 1:colcon.colcon_core.package_identification:_identify(src/realsense-ros/realsense2_description) by extension 'ros'
[1.364s] DEBUG:colcon.colcon_core.package_identification:Package 'src/realsense-ros/realsense2_description' with type 'ros.ament_cmake' and name 'realsense2_description'
[1.365s] Level 1:colcon.colcon_core.package_identification:_identify(src/realsense-ros/scripts) by extensions ['ignore', 'ignore_ament_install']
[1.365s] Level 1:colcon.colcon_core.package_identification:_identify(src/realsense-ros/scripts) by extension 'ignore'
[1.365s] Level 1:colcon.colcon_core.package_identification:_identify(src/realsense-ros/scripts) by extension 'ignore_ament_install'
[1.365s] Level 1:colcon.colcon_core.package_identification:_identify(src/realsense-ros/scripts) by extensions ['colcon_pkg']
[1.366s] Level 1:colcon.colcon_core.package_identification:_identify(src/realsense-ros/scripts) by extension 'colcon_pkg'
[1.366s] Level 1:colcon.colcon_core.package_identification:_identify(src/realsense-ros/scripts) by extensions ['colcon_meta']
[1.366s] Level 1:colcon.colcon_core.package_identification:_identify(src/realsense-ros/scripts) by extension 'colcon_meta'
[1.366s] Level 1:colcon.colcon_core.package_identification:_identify(src/realsense-ros/scripts) by extensions ['ros']
[1.366s] Level 1:colcon.colcon_core.package_identification:_identify(src/realsense-ros/scripts) by extension 'ros'
[1.367s] Level 1:colcon.colcon_core.package_identification:_identify(src/realsense-ros/scripts) by extensions ['cmake', 'python']
[1.367s] Level 1:colcon.colcon_core.package_identification:_identify(src/realsense-ros/scripts) by extension 'cmake'
[1.367s] Level 1:colcon.colcon_core.package_identification:_identify(src/realsense-ros/scripts) by extension 'python'
[1.367s] Level 1:colcon.colcon_core.package_identification:_identify(src/realsense-ros/scripts) by extensions ['python_setup_py']
[1.367s] Level 1:colcon.colcon_core.package_identification:_identify(src/realsense-ros/scripts) by extension 'python_setup_py'
[1.367s] Level 1:colcon.colcon_core.package_discovery:discover_packages(recursive) using defaults
[1.368s] Level 1:colcon.colcon_core.package_discovery:discover_packages(ignore) discover
[1.368s] Level 1:colcon.colcon_core.package_discovery:discover_packages(ignore) using defaults
[1.368s] Level 1:colcon.colcon_core.package_discovery:discover_packages(path) discover
[1.368s] Level 1:colcon.colcon_core.package_discovery:discover_packages(path) using defaults
[1.490s] Level 1:colcon.colcon_core.package_discovery:discover_packages(prefix_path) check parameters
[1.490s] Level 1:colcon.colcon_core.package_discovery:discover_packages(prefix_path) discover
[1.503s] DEBUG:colcon.colcon_installed_package_information.package_discovery:Found 186 installed packages in /opt/ros/humble
[1.508s] Level 1:colcon.colcon_core.package_discovery:discover_packages(prefix_path) using defaults
[1.658s] ERROR:colcon.colcon_core.extension_point:Exception loading extension 'colcon_core.task.build.python': cannot import name 'OVERRIDE_OPT' from 'em' (/nix/store/i9njf27l2pi034rsb4w19ncsdbxynjcx-python3.12-empy-4.1/lib/python3.12/site-packages/em.py) The Python package 'empy' must be installed and 'em' must not be installed since both packages share the same namespace
Traceback (most recent call last):
  File "/usr/lib/python3/dist-packages/colcon_core/extension_point.py", line 169, in load_extension_points
    extension_type = load_extension_point(name, value, group)
  File "/usr/lib/python3/dist-packages/colcon_core/extension_point.py", line 210, in load_extension_point
    return EntryPoint(name, value, group).load()
  File "/usr/lib/python3.10/importlib/metadata/__init__.py", line 171, in load
    module = import_module(match.group('module'))
  File "/usr/lib/python3.10/importlib/__init__.py", line 126, in import_module
    return _bootstrap._gcd_import(name[level:], package, level)
  File "<frozen importlib._bootstrap>", line 1050, in _gcd_import
  File "<frozen importlib._bootstrap>", line 1027, in _find_and_load
  File "<frozen importlib._bootstrap>", line 1006, in _find_and_load_unlocked
  File "<frozen importlib._bootstrap>", line 688, in _load_unlocked
  File "<frozen importlib._bootstrap_external>", line 883, in exec_module
  File "<frozen importlib._bootstrap>", line 241, in _call_with_frames_removed
  File "/usr/lib/python3/dist-packages/colcon_core/task/python/build.py", line 24, in <module>
    from colcon_core.task.python.template import expand_template
  File "/usr/lib/python3/dist-packages/colcon_core/task/python/template/__init__.py", line 4, in <module>
    from colcon_core.shell.template import expand_template  # noqa: F401
  File "/usr/lib/python3/dist-packages/colcon_core/shell/template/__init__.py", line 19, in <module>
    raise e from None
  File "/usr/lib/python3/dist-packages/colcon_core/shell/template/__init__.py", line 10, in <module>
    from em import OVERRIDE_OPT
ImportError: cannot import name 'OVERRIDE_OPT' from 'em' (/nix/store/i9njf27l2pi034rsb4w19ncsdbxynjcx-python3.12-empy-4.1/lib/python3.12/site-packages/em.py) The Python package 'empy' must be installed and 'em' must not be installed since both packages share the same namespace

[1.663s] ERROR:colcon.colcon_core.extension_point:Exception loading extension 'colcon_core.task.build.ros.ament_python': cannot import name 'OVERRIDE_OPT' from 'em' (/nix/store/i9njf27l2pi034rsb4w19ncsdbxynjcx-python3.12-empy-4.1/lib/python3.12/site-packages/em.py) The Python package 'empy' must be installed and 'em' must not be installed since both packages share the same namespace
Traceback (most recent call last):
  File "/usr/lib/python3/dist-packages/colcon_core/extension_point.py", line 169, in load_extension_points
    extension_type = load_extension_point(name, value, group)
  File "/usr/lib/python3/dist-packages/colcon_core/extension_point.py", line 210, in load_extension_point
    return EntryPoint(name, value, group).load()
  File "/usr/lib/python3.10/importlib/metadata/__init__.py", line 171, in load
    module = import_module(match.group('module'))
  File "/usr/lib/python3.10/importlib/__init__.py", line 126, in import_module
    return _bootstrap._gcd_import(name[level:], package, level)
  File "<frozen importlib._bootstrap>", line 1050, in _gcd_import
  File "<frozen importlib._bootstrap>", line 1027, in _find_and_load
  File "<frozen importlib._bootstrap>", line 1006, in _find_and_load_unlocked
  File "<frozen importlib._bootstrap>", line 688, in _load_unlocked
  File "<frozen importlib._bootstrap_external>", line 883, in exec_module
  File "<frozen importlib._bootstrap>", line 241, in _call_with_frames_removed
  File "/usr/lib/python3/dist-packages/colcon_ros/task/ament_python/build.py", line 17, in <module>
    from colcon_core.task.python.build import PythonBuildTask
  File "/usr/lib/python3/dist-packages/colcon_core/task/python/build.py", line 24, in <module>
    from colcon_core.task.python.template import expand_template
  File "/usr/lib/python3/dist-packages/colcon_core/task/python/template/__init__.py", line 4, in <module>
    from colcon_core.shell.template import expand_template  # noqa: F401
  File "/usr/lib/python3/dist-packages/colcon_core/shell/template/__init__.py", line 19, in <module>
    raise e from None
  File "/usr/lib/python3/dist-packages/colcon_core/shell/template/__init__.py", line 10, in <module>
    from em import OVERRIDE_OPT
ImportError: cannot import name 'OVERRIDE_OPT' from 'em' (/nix/store/i9njf27l2pi034rsb4w19ncsdbxynjcx-python3.12-empy-4.1/lib/python3.12/site-packages/em.py) The Python package 'empy' must be installed and 'em' must not be installed since both packages share the same namespace

[1.664s] Level 5:colcon.colcon_core.verb:set package 'realsense2_camera_msgs' build argument 'cmake_args' from command line to 'None'
[1.664s] Level 5:colcon.colcon_core.verb:set package 'realsense2_camera_msgs' build argument 'cmake_target' from command line to 'None'
[1.665s] Level 5:colcon.colcon_core.verb:set package 'realsense2_camera_msgs' build argument 'cmake_target_skip_unavailable' from command line to 'False'
[1.665s] Level 5:colcon.colcon_core.verb:set package 'realsense2_camera_msgs' build argument 'cmake_clean_cache' from command line to 'False'
[1.665s] Level 5:colcon.colcon_core.verb:set package 'realsense2_camera_msgs' build argument 'cmake_clean_first' from command line to 'False'
[1.665s] Level 5:colcon.colcon_core.verb:set package 'realsense2_camera_msgs' build argument 'cmake_force_configure' from command line to 'False'
[1.665s] Level 5:colcon.colcon_core.verb:set package 'realsense2_camera_msgs' build argument 'ament_cmake_args' from command line to 'None'
[1.665s] Level 5:colcon.colcon_core.verb:set package 'realsense2_camera_msgs' build argument 'catkin_cmake_args' from command line to 'None'
[1.665s] Level 5:colcon.colcon_core.verb:set package 'realsense2_camera_msgs' build argument 'catkin_skip_building_tests' from command line to 'False'
[1.666s] DEBUG:colcon.colcon_core.verb:Building package 'realsense2_camera_msgs' with the following arguments: {'ament_cmake_args': None, 'build_base': '/home/urc/rover/build/realsense2_camera_msgs', 'catkin_cmake_args': None, 'catkin_skip_building_tests': False, 'cmake_args': None, 'cmake_clean_cache': False, 'cmake_clean_first': False, 'cmake_force_configure': False, 'cmake_target': None, 'cmake_target_skip_unavailable': False, 'install_base': '/home/urc/rover/install/realsense2_camera_msgs', 'merge_install': False, 'path': '/home/urc/rover/src/realsense-ros/realsense2_camera_msgs', 'symlink_install': False, 'test_result_base': None}
[1.669s] ERROR:colcon.colcon_core.extension_point:Exception loading extension 'colcon_core.task.build.python': cannot import name 'OVERRIDE_OPT' from 'em' (/nix/store/i9njf27l2pi034rsb4w19ncsdbxynjcx-python3.12-empy-4.1/lib/python3.12/site-packages/em.py) The Python package 'empy' must be installed and 'em' must not be installed since both packages share the same namespace
Traceback (most recent call last):
  File "/usr/lib/python3/dist-packages/colcon_core/extension_point.py", line 169, in load_extension_points
    extension_type = load_extension_point(name, value, group)
  File "/usr/lib/python3/dist-packages/colcon_core/extension_point.py", line 210, in load_extension_point
    return EntryPoint(name, value, group).load()
  File "/usr/lib/python3.10/importlib/metadata/__init__.py", line 171, in load
    module = import_module(match.group('module'))
  File "/usr/lib/python3.10/importlib/__init__.py", line 126, in import_module
    return _bootstrap._gcd_import(name[level:], package, level)
  File "<frozen importlib._bootstrap>", line 1050, in _gcd_import
  File "<frozen importlib._bootstrap>", line 1027, in _find_and_load
  File "<frozen importlib._bootstrap>", line 1006, in _find_and_load_unlocked
  File "<frozen importlib._bootstrap>", line 688, in _load_unlocked
  File "<frozen importlib._bootstrap_external>", line 883, in exec_module
  File "<frozen importlib._bootstrap>", line 241, in _call_with_frames_removed
  File "/usr/lib/python3/dist-packages/colcon_core/task/python/build.py", line 24, in <module>
    from colcon_core.task.python.template import expand_template
  File "/usr/lib/python3/dist-packages/colcon_core/task/python/template/__init__.py", line 4, in <module>
    from colcon_core.shell.template import expand_template  # noqa: F401
  File "/usr/lib/python3/dist-packages/colcon_core/shell/template/__init__.py", line 19, in <module>
    raise e from None
  File "/usr/lib/python3/dist-packages/colcon_core/shell/template/__init__.py", line 10, in <module>
    from em import OVERRIDE_OPT
ImportError: cannot import name 'OVERRIDE_OPT' from 'em' (/nix/store/i9njf27l2pi034rsb4w19ncsdbxynjcx-python3.12-empy-4.1/lib/python3.12/site-packages/em.py) The Python package 'empy' must be installed and 'em' must not be installed since both packages share the same namespace

[1.673s] ERROR:colcon.colcon_core.extension_point:Exception loading extension 'colcon_core.task.build.ros.ament_python': cannot import name 'OVERRIDE_OPT' from 'em' (/nix/store/i9njf27l2pi034rsb4w19ncsdbxynjcx-python3.12-empy-4.1/lib/python3.12/site-packages/em.py) The Python package 'empy' must be installed and 'em' must not be installed since both packages share the same namespace
Traceback (most recent call last):
  File "/usr/lib/python3/dist-packages/colcon_core/extension_point.py", line 169, in load_extension_points
    extension_type = load_extension_point(name, value, group)
  File "/usr/lib/python3/dist-packages/colcon_core/extension_point.py", line 210, in load_extension_point
    return EntryPoint(name, value, group).load()
  File "/usr/lib/python3.10/importlib/metadata/__init__.py", line 171, in load
    module = import_module(match.group('module'))
  File "/usr/lib/python3.10/importlib/__init__.py", line 126, in import_module
    return _bootstrap._gcd_import(name[level:], package, level)
  File "<frozen importlib._bootstrap>", line 1050, in _gcd_import
  File "<frozen importlib._bootstrap>", line 1027, in _find_and_load
  File "<frozen importlib._bootstrap>", line 1006, in _find_and_load_unlocked
  File "<frozen importlib._bootstrap>", line 688, in _load_unlocked
  File "<frozen importlib._bootstrap_external>", line 883, in exec_module
  File "<frozen importlib._bootstrap>", line 241, in _call_with_frames_removed
  File "/usr/lib/python3/dist-packages/colcon_ros/task/ament_python/build.py", line 17, in <module>
    from colcon_core.task.python.build import PythonBuildTask
  File "/usr/lib/python3/dist-packages/colcon_core/task/python/build.py", line 24, in <module>
    from colcon_core.task.python.template import expand_template
  File "/usr/lib/python3/dist-packages/colcon_core/task/python/template/__init__.py", line 4, in <module>
    from colcon_core.shell.template import expand_template  # noqa: F401
  File "/usr/lib/python3/dist-packages/colcon_core/shell/template/__init__.py", line 19, in <module>
    raise e from None
  File "/usr/lib/python3/dist-packages/colcon_core/shell/template/__init__.py", line 10, in <module>
    from em import OVERRIDE_OPT
ImportError: cannot import name 'OVERRIDE_OPT' from 'em' (/nix/store/i9njf27l2pi034rsb4w19ncsdbxynjcx-python3.12-empy-4.1/lib/python3.12/site-packages/em.py) The Python package 'empy' must be installed and 'em' must not be installed since both packages share the same namespace

[1.675s] Level 5:colcon.colcon_core.verb:set package 'realsense2_camera' build argument 'cmake_args' from command line to 'None'
[1.675s] Level 5:colcon.colcon_core.verb:set package 'realsense2_camera' build argument 'cmake_target' from command line to 'None'
[1.675s] Level 5:colcon.colcon_core.verb:set package 'realsense2_camera' build argument 'cmake_target_skip_unavailable' from command line to 'False'
[1.675s] Level 5:colcon.colcon_core.verb:set package 'realsense2_camera' build argument 'cmake_clean_cache' from command line to 'False'
[1.675s] Level 5:colcon.colcon_core.verb:set package 'realsense2_camera' build argument 'cmake_clean_first' from command line to 'False'
[1.675s] Level 5:colcon.colcon_core.verb:set package 'realsense2_camera' build argument 'cmake_force_configure' from command line to 'False'
[1.675s] Level 5:colcon.colcon_core.verb:set package 'realsense2_camera' build argument 'ament_cmake_args' from command line to 'None'
[1.675s] Level 5:colcon.colcon_core.verb:set package 'realsense2_camera' build argument 'catkin_cmake_args' from command line to 'None'
[1.676s] Level 5:colcon.colcon_core.verb:set package 'realsense2_camera' build argument 'catkin_skip_building_tests' from command line to 'False'
[1.676s] DEBUG:colcon.colcon_core.verb:Building package 'realsense2_camera' with the following arguments: {'ament_cmake_args': None, 'build_base': '/home/urc/rover/build/realsense2_camera', 'catkin_cmake_args': None, 'catkin_skip_building_tests': False, 'cmake_args': None, 'cmake_clean_cache': False, 'cmake_clean_first': False, 'cmake_force_configure': False, 'cmake_target': None, 'cmake_target_skip_unavailable': False, 'install_base': '/home/urc/rover/install/realsense2_camera', 'merge_install': False, 'path': '/home/urc/rover/src/realsense-ros/realsense2_camera', 'symlink_install': False, 'test_result_base': None}
[1.679s] ERROR:colcon.colcon_core.extension_point:Exception loading extension 'colcon_core.task.build.python': cannot import name 'OVERRIDE_OPT' from 'em' (/nix/store/i9njf27l2pi034rsb4w19ncsdbxynjcx-python3.12-empy-4.1/lib/python3.12/site-packages/em.py) The Python package 'empy' must be installed and 'em' must not be installed since both packages share the same namespace
Traceback (most recent call last):
  File "/usr/lib/python3/dist-packages/colcon_core/extension_point.py", line 169, in load_extension_points
    extension_type = load_extension_point(name, value, group)
  File "/usr/lib/python3/dist-packages/colcon_core/extension_point.py", line 210, in load_extension_point
    return EntryPoint(name, value, group).load()
  File "/usr/lib/python3.10/importlib/metadata/__init__.py", line 171, in load
    module = import_module(match.group('module'))
  File "/usr/lib/python3.10/importlib/__init__.py", line 126, in import_module
    return _bootstrap._gcd_import(name[level:], package, level)
  File "<frozen importlib._bootstrap>", line 1050, in _gcd_import
  File "<frozen importlib._bootstrap>", line 1027, in _find_and_load
  File "<frozen importlib._bootstrap>", line 1006, in _find_and_load_unlocked
  File "<frozen importlib._bootstrap>", line 688, in _load_unlocked
  File "<frozen importlib._bootstrap_external>", line 883, in exec_module
  File "<frozen importlib._bootstrap>", line 241, in _call_with_frames_removed
  File "/usr/lib/python3/dist-packages/colcon_core/task/python/build.py", line 24, in <module>
    from colcon_core.task.python.template import expand_template
  File "/usr/lib/python3/dist-packages/colcon_core/task/python/template/__init__.py", line 4, in <module>
    from colcon_core.shell.template import expand_template  # noqa: F401
  File "/usr/lib/python3/dist-packages/colcon_core/shell/template/__init__.py", line 19, in <module>
    raise e from None
  File "/usr/lib/python3/dist-packages/colcon_core/shell/template/__init__.py", line 10, in <module>
    from em import OVERRIDE_OPT
ImportError: cannot import name 'OVERRIDE_OPT' from 'em' (/nix/store/i9njf27l2pi034rsb4w19ncsdbxynjcx-python3.12-empy-4.1/lib/python3.12/site-packages/em.py) The Python package 'empy' must be installed and 'em' must not be installed since both packages share the same namespace

[1.683s] ERROR:colcon.colcon_core.extension_point:Exception loading extension 'colcon_core.task.build.ros.ament_python': cannot import name 'OVERRIDE_OPT' from 'em' (/nix/store/i9njf27l2pi034rsb4w19ncsdbxynjcx-python3.12-empy-4.1/lib/python3.12/site-packages/em.py) The Python package 'empy' must be installed and 'em' must not be installed since both packages share the same namespace
Traceback (most recent call last):
  File "/usr/lib/python3/dist-packages/colcon_core/extension_point.py", line 169, in load_extension_points
    extension_type = load_extension_point(name, value, group)
  File "/usr/lib/python3/dist-packages/colcon_core/extension_point.py", line 210, in load_extension_point
    return EntryPoint(name, value, group).load()
  File "/usr/lib/python3.10/importlib/metadata/__init__.py", line 171, in load
    module = import_module(match.group('module'))
  File "/usr/lib/python3.10/importlib/__init__.py", line 126, in import_module
    return _bootstrap._gcd_import(name[level:], package, level)
  File "<frozen importlib._bootstrap>", line 1050, in _gcd_import
  File "<frozen importlib._bootstrap>", line 1027, in _find_and_load
  File "<frozen importlib._bootstrap>", line 1006, in _find_and_load_unlocked
  File "<frozen importlib._bootstrap>", line 688, in _load_unlocked
  File "<frozen importlib._bootstrap_external>", line 883, in exec_module
  File "<frozen importlib._bootstrap>", line 241, in _call_with_frames_removed
  File "/usr/lib/python3/dist-packages/colcon_ros/task/ament_python/build.py", line 17, in <module>
    from colcon_core.task.python.build import PythonBuildTask
  File "/usr/lib/python3/dist-packages/colcon_core/task/python/build.py", line 24, in <module>
    from colcon_core.task.python.template import expand_template
  File "/usr/lib/python3/dist-packages/colcon_core/task/python/template/__init__.py", line 4, in <module>
    from colcon_core.shell.template import expand_template  # noqa: F401
  File "/usr/lib/python3/dist-packages/colcon_core/shell/template/__init__.py", line 19, in <module>
    raise e from None
  File "/usr/lib/python3/dist-packages/colcon_core/shell/template/__init__.py", line 10, in <module>
    from em import OVERRIDE_OPT
ImportError: cannot import name 'OVERRIDE_OPT' from 'em' (/nix/store/i9njf27l2pi034rsb4w19ncsdbxynjcx-python3.12-empy-4.1/lib/python3.12/site-packages/em.py) The Python package 'empy' must be installed and 'em' must not be installed since both packages share the same namespace

[1.685s] Level 5:colcon.colcon_core.verb:set package 'realsense2_description' build argument 'cmake_args' from command line to 'None'
[1.685s] Level 5:colcon.colcon_core.verb:set package 'realsense2_description' build argument 'cmake_target' from command line to 'None'
[1.685s] Level 5:colcon.colcon_core.verb:set package 'realsense2_description' build argument 'cmake_target_skip_unavailable' from command line to 'False'
[1.685s] Level 5:colcon.colcon_core.verb:set package 'realsense2_description' build argument 'cmake_clean_cache' from command line to 'False'
[1.685s] Level 5:colcon.colcon_core.verb:set package 'realsense2_description' build argument 'cmake_clean_first' from command line to 'False'
[1.685s] Level 5:colcon.colcon_core.verb:set package 'realsense2_description' build argument 'cmake_force_configure' from command line to 'False'
[1.686s] Level 5:colcon.colcon_core.verb:set package 'realsense2_description' build argument 'ament_cmake_args' from command line to 'None'
[1.686s] Level 5:colcon.colcon_core.verb:set package 'realsense2_description' build argument 'catkin_cmake_args' from command line to 'None'
[1.686s] Level 5:colcon.colcon_core.verb:set package 'realsense2_description' build argument 'catkin_skip_building_tests' from command line to 'False'
[1.686s] DEBUG:colcon.colcon_core.verb:Building package 'realsense2_description' with the following arguments: {'ament_cmake_args': None, 'build_base': '/home/urc/rover/build/realsense2_description', 'catkin_cmake_args': None, 'catkin_skip_building_tests': False, 'cmake_args': None, 'cmake_clean_cache': False, 'cmake_clean_first': False, 'cmake_force_configure': False, 'cmake_target': None, 'cmake_target_skip_unavailable': False, 'install_base': '/home/urc/rover/install/realsense2_description', 'merge_install': False, 'path': '/home/urc/rover/src/realsense-ros/realsense2_description', 'symlink_install': False, 'test_result_base': None}
[1.686s] INFO:colcon.colcon_core.executor:Executing jobs using 'parallel' executor
[1.690s] DEBUG:colcon.colcon_parallel_executor.executor.parallel:run_until_complete
[1.690s] INFO:colcon.colcon_ros.task.ament_cmake.build:Building ROS package in '/home/urc/rover/src/realsense-ros/realsense2_camera_msgs' with build type 'ament_cmake'
[1.691s] INFO:colcon.colcon_cmake.task.cmake.build:Building CMake package in '/home/urc/rover/src/realsense-ros/realsense2_camera_msgs'
[1.695s] ERROR:colcon.colcon_core.extension_point:Exception loading extension 'colcon_core.shell.bat': cannot import name 'OVERRIDE_OPT' from 'em' (/nix/store/i9njf27l2pi034rsb4w19ncsdbxynjcx-python3.12-empy-4.1/lib/python3.12/site-packages/em.py) The Python package 'empy' must be installed and 'em' must not be installed since both packages share the same namespace
Traceback (most recent call last):
  File "/usr/lib/python3/dist-packages/colcon_core/extension_point.py", line 169, in load_extension_points
    extension_type = load_extension_point(name, value, group)
  File "/usr/lib/python3/dist-packages/colcon_core/extension_point.py", line 210, in load_extension_point
    return EntryPoint(name, value, group).load()
  File "/usr/lib/python3.10/importlib/metadata/__init__.py", line 171, in load
    module = import_module(match.group('module'))
  File "/usr/lib/python3.10/importlib/__init__.py", line 126, in import_module
    return _bootstrap._gcd_import(name[level:], package, level)
  File "<frozen importlib._bootstrap>", line 1050, in _gcd_import
  File "<frozen importlib._bootstrap>", line 1027, in _find_and_load
  File "<frozen importlib._bootstrap>", line 1006, in _find_and_load_unlocked
  File "<frozen importlib._bootstrap>", line 688, in _load_unlocked
  File "<frozen importlib._bootstrap_external>", line 883, in exec_module
  File "<frozen importlib._bootstrap>", line 241, in _call_with_frames_removed
  File "/usr/lib/python3/dist-packages/colcon_core/shell/bat.py", line 15, in <module>
    from colcon_core.shell.template import expand_template
  File "/usr/lib/python3/dist-packages/colcon_core/shell/template/__init__.py", line 19, in <module>
    raise e from None
  File "/usr/lib/python3/dist-packages/colcon_core/shell/template/__init__.py", line 10, in <module>
    from em import OVERRIDE_OPT
ImportError: cannot import name 'OVERRIDE_OPT' from 'em' (/nix/store/i9njf27l2pi034rsb4w19ncsdbxynjcx-python3.12-empy-4.1/lib/python3.12/site-packages/em.py) The Python package 'empy' must be installed and 'em' must not be installed since both packages share the same namespace

[1.698s] ERROR:colcon.colcon_core.extension_point:Exception loading extension 'colcon_core.shell.dsv': cannot import name 'OVERRIDE_OPT' from 'em' (/nix/store/i9njf27l2pi034rsb4w19ncsdbxynjcx-python3.12-empy-4.1/lib/python3.12/site-packages/em.py) The Python package 'empy' must be installed and 'em' must not be installed since both packages share the same namespace
Traceback (most recent call last):
  File "/usr/lib/python3/dist-packages/colcon_core/extension_point.py", line 169, in load_extension_points
    extension_type = load_extension_point(name, value, group)
  File "/usr/lib/python3/dist-packages/colcon_core/extension_point.py", line 210, in load_extension_point
    return EntryPoint(name, value, group).load()
  File "/usr/lib/python3.10/importlib/metadata/__init__.py", line 171, in load
    module = import_module(match.group('module'))
  File "/usr/lib/python3.10/importlib/__init__.py", line 126, in import_module
    return _bootstrap._gcd_import(name[level:], package, level)
  File "<frozen importlib._bootstrap>", line 1050, in _gcd_import
  File "<frozen importlib._bootstrap>", line 1027, in _find_and_load
  File "<frozen importlib._bootstrap>", line 1006, in _find_and_load_unlocked
  File "<frozen importlib._bootstrap>", line 688, in _load_unlocked
  File "<frozen importlib._bootstrap_external>", line 883, in exec_module
  File "<frozen importlib._bootstrap>", line 241, in _call_with_frames_removed
  File "/usr/lib/python3/dist-packages/colcon_core/shell/dsv.py", line 9, in <module>
    from colcon_core.shell.template import expand_template
  File "/usr/lib/python3/dist-packages/colcon_core/shell/template/__init__.py", line 19, in <module>
    raise e from None
  File "/usr/lib/python3/dist-packages/colcon_core/shell/template/__init__.py", line 10, in <module>
    from em import OVERRIDE_OPT
ImportError: cannot import name 'OVERRIDE_OPT' from 'em' (/nix/store/i9njf27l2pi034rsb4w19ncsdbxynjcx-python3.12-empy-4.1/lib/python3.12/site-packages/em.py) The Python package 'empy' must be installed and 'em' must not be installed since both packages share the same namespace

[1.701s] ERROR:colcon.colcon_core.extension_point:Exception loading extension 'colcon_core.shell.sh': cannot import name 'OVERRIDE_OPT' from 'em' (/nix/store/i9njf27l2pi034rsb4w19ncsdbxynjcx-python3.12-empy-4.1/lib/python3.12/site-packages/em.py) The Python package 'empy' must be installed and 'em' must not be installed since both packages share the same namespace
Traceback (most recent call last):
  File "/usr/lib/python3/dist-packages/colcon_core/extension_point.py", line 169, in load_extension_points
    extension_type = load_extension_point(name, value, group)
  File "/usr/lib/python3/dist-packages/colcon_core/extension_point.py", line 210, in load_extension_point
    return EntryPoint(name, value, group).load()
  File "/usr/lib/python3.10/importlib/metadata/__init__.py", line 171, in load
    module = import_module(match.group('module'))
  File "/usr/lib/python3.10/importlib/__init__.py", line 126, in import_module
    return _bootstrap._gcd_import(name[level:], package, level)
  File "<frozen importlib._bootstrap>", line 1050, in _gcd_import
  File "<frozen importlib._bootstrap>", line 1027, in _find_and_load
  File "<frozen importlib._bootstrap>", line 1006, in _find_and_load_unlocked
  File "<frozen importlib._bootstrap>", line 688, in _load_unlocked
  File "<frozen importlib._bootstrap_external>", line 883, in exec_module
  File "<frozen importlib._bootstrap>", line 241, in _call_with_frames_removed
  File "/usr/lib/python3/dist-packages/colcon_core/shell/sh.py", line 15, in <module>
    from colcon_core.shell.template import expand_template
  File "/usr/lib/python3/dist-packages/colcon_core/shell/template/__init__.py", line 19, in <module>
    raise e from None
  File "/usr/lib/python3/dist-packages/colcon_core/shell/template/__init__.py", line 10, in <module>
    from em import OVERRIDE_OPT
ImportError: cannot import name 'OVERRIDE_OPT' from 'em' (/nix/store/i9njf27l2pi034rsb4w19ncsdbxynjcx-python3.12-empy-4.1/lib/python3.12/site-packages/em.py) The Python package 'empy' must be installed and 'em' must not be installed since both packages share the same namespace

[1.706s] ERROR:colcon.colcon_core.extension_point:Exception loading extension 'colcon_core.shell.bash': cannot import name 'OVERRIDE_OPT' from 'em' (/nix/store/i9njf27l2pi034rsb4w19ncsdbxynjcx-python3.12-empy-4.1/lib/python3.12/site-packages/em.py) The Python package 'empy' must be installed and 'em' must not be installed since both packages share the same namespace
Traceback (most recent call last):
  File "/usr/lib/python3/dist-packages/colcon_core/extension_point.py", line 169, in load_extension_points
    extension_type = load_extension_point(name, value, group)
  File "/usr/lib/python3/dist-packages/colcon_core/extension_point.py", line 210, in load_extension_point
    return EntryPoint(name, value, group).load()
  File "/usr/lib/python3.10/importlib/metadata/__init__.py", line 171, in load
    module = import_module(match.group('module'))
  File "/usr/lib/python3.10/importlib/__init__.py", line 126, in import_module
    return _bootstrap._gcd_import(name[level:], package, level)
  File "<frozen importlib._bootstrap>", line 1050, in _gcd_import
  File "<frozen importlib._bootstrap>", line 1027, in _find_and_load
  File "<frozen importlib._bootstrap>", line 1006, in _find_and_load_unlocked
  File "<frozen importlib._bootstrap>", line 688, in _load_unlocked
  File "<frozen importlib._bootstrap_external>", line 883, in exec_module
  File "<frozen importlib._bootstrap>", line 241, in _call_with_frames_removed
  File "/usr/lib/python3/dist-packages/colcon_bash/shell/bash.py", line 13, in <module>
    from colcon_core.shell.template import expand_template
  File "/usr/lib/python3/dist-packages/colcon_core/shell/template/__init__.py", line 19, in <module>
    raise e from None
  File "/usr/lib/python3/dist-packages/colcon_core/shell/template/__init__.py", line 10, in <module>
    from em import OVERRIDE_OPT
ImportError: cannot import name 'OVERRIDE_OPT' from 'em' (/nix/store/i9njf27l2pi034rsb4w19ncsdbxynjcx-python3.12-empy-4.1/lib/python3.12/site-packages/em.py) The Python package 'empy' must be installed and 'em' must not be installed since both packages share the same namespace

[1.709s] ERROR:colcon.colcon_core.extension_point:Exception loading extension 'colcon_core.shell.powershell': cannot import name 'OVERRIDE_OPT' from 'em' (/nix/store/i9njf27l2pi034rsb4w19ncsdbxynjcx-python3.12-empy-4.1/lib/python3.12/site-packages/em.py) The Python package 'empy' must be installed and 'em' must not be installed since both packages share the same namespace
Traceback (most recent call last):
  File "/usr/lib/python3/dist-packages/colcon_core/extension_point.py", line 169, in load_extension_points
    extension_type = load_extension_point(name, value, group)
  File "/usr/lib/python3/dist-packages/colcon_core/extension_point.py", line 210, in load_extension_point
    return EntryPoint(name, value, group).load()
  File "/usr/lib/python3.10/importlib/metadata/__init__.py", line 171, in load
    module = import_module(match.group('module'))
  File "/usr/lib/python3.10/importlib/__init__.py", line 126, in import_module
    return _bootstrap._gcd_import(name[level:], package, level)
  File "<frozen importlib._bootstrap>", line 1050, in _gcd_import
  File "<frozen importlib._bootstrap>", line 1027, in _find_and_load
  File "<frozen importlib._bootstrap>", line 1006, in _find_and_load_unlocked
  File "<frozen importlib._bootstrap>", line 688, in _load_unlocked
  File "<frozen importlib._bootstrap_external>", line 883, in exec_module
  File "<frozen importlib._bootstrap>", line 241, in _call_with_frames_removed
  File "/usr/lib/python3/dist-packages/colcon_powershell/shell/powershell.py", line 17, in <module>
    from colcon_core.shell.template import expand_template
  File "/usr/lib/python3/dist-packages/colcon_core/shell/template/__init__.py", line 19, in <module>
    raise e from None
  File "/usr/lib/python3/dist-packages/colcon_core/shell/template/__init__.py", line 10, in <module>
    from em import OVERRIDE_OPT
ImportError: cannot import name 'OVERRIDE_OPT' from 'em' (/nix/store/i9njf27l2pi034rsb4w19ncsdbxynjcx-python3.12-empy-4.1/lib/python3.12/site-packages/em.py) The Python package 'empy' must be installed and 'em' must not be installed since both packages share the same namespace

[1.714s] ERROR:colcon.colcon_core.extension_point:Exception loading extension 'colcon_core.shell.zsh': cannot import name 'OVERRIDE_OPT' from 'em' (/nix/store/i9njf27l2pi034rsb4w19ncsdbxynjcx-python3.12-empy-4.1/lib/python3.12/site-packages/em.py) The Python package 'empy' must be installed and 'em' must not be installed since both packages share the same namespace
Traceback (most recent call last):
  File "/usr/lib/python3/dist-packages/colcon_core/extension_point.py", line 169, in load_extension_points
    extension_type = load_extension_point(name, value, group)
  File "/usr/lib/python3/dist-packages/colcon_core/extension_point.py", line 210, in load_extension_point
    return EntryPoint(name, value, group).load()
  File "/usr/lib/python3.10/importlib/metadata/__init__.py", line 171, in load
    module = import_module(match.group('module'))
  File "/usr/lib/python3.10/importlib/__init__.py", line 126, in import_module
    return _bootstrap._gcd_import(name[level:], package, level)
  File "<frozen importlib._bootstrap>", line 1050, in _gcd_import
  File "<frozen importlib._bootstrap>", line 1027, in _find_and_load
  File "<frozen importlib._bootstrap>", line 1006, in _find_and_load_unlocked
  File "<frozen importlib._bootstrap>", line 688, in _load_unlocked
  File "<frozen importlib._bootstrap_external>", line 883, in exec_module
  File "<frozen importlib._bootstrap>", line 241, in _call_with_frames_removed
  File "/usr/lib/python3/dist-packages/colcon_zsh/shell/zsh.py", line 13, in <module>
    from colcon_core.shell.template import expand_template
  File "/usr/lib/python3/dist-packages/colcon_core/shell/template/__init__.py", line 19, in <module>
    raise e from None
  File "/usr/lib/python3/dist-packages/colcon_core/shell/template/__init__.py", line 10, in <module>
    from em import OVERRIDE_OPT
ImportError: cannot import name 'OVERRIDE_OPT' from 'em' (/nix/store/i9njf27l2pi034rsb4w19ncsdbxynjcx-python3.12-empy-4.1/lib/python3.12/site-packages/em.py) The Python package 'empy' must be installed and 'em' must not be installed since both packages share the same namespace

[1.715s] ERROR:colcon.colcon_cmake.task.cmake.build:Could not find a shell extension for the command environment
[1.767s] Level 1:colcon.colcon_core.environment:create_environment_scripts_only(realsense2_camera_msgs)
[1.782s] Level 1:colcon.colcon_core.environment:checking '/home/urc/rover/install/realsense2_camera_msgs' for CMake module files
[1.784s] Level 1:colcon.colcon_core.environment:checking '/home/urc/rover/install/realsense2_camera_msgs' for CMake config files
[1.786s] Level 1:colcon.colcon_core.environment:checking '/home/urc/rover/install/realsense2_camera_msgs/bin'
[1.787s] Level 1:colcon.colcon_core.environment:checking '/home/urc/rover/install/realsense2_camera_msgs/lib/pkgconfig/realsense2_camera_msgs.pc'
[1.788s] Level 1:colcon.colcon_core.environment:checking '/home/urc/rover/install/realsense2_camera_msgs/lib/python3.10/site-packages'
[1.789s] Level 1:colcon.colcon_core.environment:checking '/home/urc/rover/install/realsense2_camera_msgs/bin'
[1.792s] ERROR:colcon.colcon_core.extension_point:Exception loading extension 'colcon_core.shell.bat': cannot import name 'OVERRIDE_OPT' from 'em' (/nix/store/i9njf27l2pi034rsb4w19ncsdbxynjcx-python3.12-empy-4.1/lib/python3.12/site-packages/em.py) The Python package 'empy' must be installed and 'em' must not be installed since both packages share the same namespace
Traceback (most recent call last):
  File "/usr/lib/python3/dist-packages/colcon_core/extension_point.py", line 169, in load_extension_points
    extension_type = load_extension_point(name, value, group)
  File "/usr/lib/python3/dist-packages/colcon_core/extension_point.py", line 210, in load_extension_point
    return EntryPoint(name, value, group).load()
  File "/usr/lib/python3.10/importlib/metadata/__init__.py", line 171, in load
    module = import_module(match.group('module'))
  File "/usr/lib/python3.10/importlib/__init__.py", line 126, in import_module
    return _bootstrap._gcd_import(name[level:], package, level)
  File "<frozen importlib._bootstrap>", line 1050, in _gcd_import
  File "<frozen importlib._bootstrap>", line 1027, in _find_and_load
  File "<frozen importlib._bootstrap>", line 1006, in _find_and_load_unlocked
  File "<frozen importlib._bootstrap>", line 688, in _load_unlocked
  File "<frozen importlib._bootstrap_external>", line 883, in exec_module
  File "<frozen importlib._bootstrap>", line 241, in _call_with_frames_removed
  File "/usr/lib/python3/dist-packages/colcon_core/shell/bat.py", line 15, in <module>
    from colcon_core.shell.template import expand_template
  File "/usr/lib/python3/dist-packages/colcon_core/shell/template/__init__.py", line 19, in <module>
    raise e from None
  File "/usr/lib/python3/dist-packages/colcon_core/shell/template/__init__.py", line 10, in <module>
    from em import OVERRIDE_OPT
ImportError: cannot import name 'OVERRIDE_OPT' from 'em' (/nix/store/i9njf27l2pi034rsb4w19ncsdbxynjcx-python3.12-empy-4.1/lib/python3.12/site-packages/em.py) The Python package 'empy' must be installed and 'em' must not be installed since both packages share the same namespace

[1.795s] ERROR:colcon.colcon_core.extension_point:Exception loading extension 'colcon_core.shell.dsv': cannot import name 'OVERRIDE_OPT' from 'em' (/nix/store/i9njf27l2pi034rsb4w19ncsdbxynjcx-python3.12-empy-4.1/lib/python3.12/site-packages/em.py) The Python package 'empy' must be installed and 'em' must not be installed since both packages share the same namespace
Traceback (most recent call last):
  File "/usr/lib/python3/dist-packages/colcon_core/extension_point.py", line 169, in load_extension_points
    extension_type = load_extension_point(name, value, group)
  File "/usr/lib/python3/dist-packages/colcon_core/extension_point.py", line 210, in load_extension_point
    return EntryPoint(name, value, group).load()
  File "/usr/lib/python3.10/importlib/metadata/__init__.py", line 171, in load
    module = import_module(match.group('module'))
  File "/usr/lib/python3.10/importlib/__init__.py", line 126, in import_module
    return _bootstrap._gcd_import(name[level:], package, level)
  File "<frozen importlib._bootstrap>", line 1050, in _gcd_import
  File "<frozen importlib._bootstrap>", line 1027, in _find_and_load
  File "<frozen importlib._bootstrap>", line 1006, in _find_and_load_unlocked
  File "<frozen importlib._bootstrap>", line 688, in _load_unlocked
  File "<frozen importlib._bootstrap_external>", line 883, in exec_module
  File "<frozen importlib._bootstrap>", line 241, in _call_with_frames_removed
  File "/usr/lib/python3/dist-packages/colcon_core/shell/dsv.py", line 9, in <module>
    from colcon_core.shell.template import expand_template
  File "/usr/lib/python3/dist-packages/colcon_core/shell/template/__init__.py", line 19, in <module>
    raise e from None
  File "/usr/lib/python3/dist-packages/colcon_core/shell/template/__init__.py", line 10, in <module>
    from em import OVERRIDE_OPT
ImportError: cannot import name 'OVERRIDE_OPT' from 'em' (/nix/store/i9njf27l2pi034rsb4w19ncsdbxynjcx-python3.12-empy-4.1/lib/python3.12/site-packages/em.py) The Python package 'empy' must be installed and 'em' must not be installed since both packages share the same namespace

[1.797s] ERROR:colcon.colcon_core.extension_point:Exception loading extension 'colcon_core.shell.sh': cannot import name 'OVERRIDE_OPT' from 'em' (/nix/store/i9njf27l2pi034rsb4w19ncsdbxynjcx-python3.12-empy-4.1/lib/python3.12/site-packages/em.py) The Python package 'empy' must be installed and 'em' must not be installed since both packages share the same namespace
Traceback (most recent call last):
  File "/usr/lib/python3/dist-packages/colcon_core/extension_point.py", line 169, in load_extension_points
    extension_type = load_extension_point(name, value, group)
  File "/usr/lib/python3/dist-packages/colcon_core/extension_point.py", line 210, in load_extension_point
    return EntryPoint(name, value, group).load()
  File "/usr/lib/python3.10/importlib/metadata/__init__.py", line 171, in load
    module = import_module(match.group('module'))
  File "/usr/lib/python3.10/importlib/__init__.py", line 126, in import_module
    return _bootstrap._gcd_import(name[level:], package, level)
  File "<frozen importlib._bootstrap>", line 1050, in _gcd_import
  File "<frozen importlib._bootstrap>", line 1027, in _find_and_load
  File "<frozen importlib._bootstrap>", line 1006, in _find_and_load_unlocked
  File "<frozen importlib._bootstrap>", line 688, in _load_unlocked
  File "<frozen importlib._bootstrap_external>", line 883, in exec_module
  File "<frozen importlib._bootstrap>", line 241, in _call_with_frames_removed
  File "/usr/lib/python3/dist-packages/colcon_core/shell/sh.py", line 15, in <module>
    from colcon_core.shell.template import expand_template
  File "/usr/lib/python3/dist-packages/colcon_core/shell/template/__init__.py", line 19, in <module>
    raise e from None
  File "/usr/lib/python3/dist-packages/colcon_core/shell/template/__init__.py", line 10, in <module>
    from em import OVERRIDE_OPT
ImportError: cannot import name 'OVERRIDE_OPT' from 'em' (/nix/store/i9njf27l2pi034rsb4w19ncsdbxynjcx-python3.12-empy-4.1/lib/python3.12/site-packages/em.py) The Python package 'empy' must be installed and 'em' must not be installed since both packages share the same namespace

[1.800s] ERROR:colcon.colcon_core.extension_point:Exception loading extension 'colcon_core.shell.bash': cannot import name 'OVERRIDE_OPT' from 'em' (/nix/store/i9njf27l2pi034rsb4w19ncsdbxynjcx-python3.12-empy-4.1/lib/python3.12/site-packages/em.py) The Python package 'empy' must be installed and 'em' must not be installed since both packages share the same namespace
Traceback (most recent call last):
  File "/usr/lib/python3/dist-packages/colcon_core/extension_point.py", line 169, in load_extension_points
    extension_type = load_extension_point(name, value, group)
  File "/usr/lib/python3/dist-packages/colcon_core/extension_point.py", line 210, in load_extension_point
    return EntryPoint(name, value, group).load()
  File "/usr/lib/python3.10/importlib/metadata/__init__.py", line 171, in load
    module = import_module(match.group('module'))
  File "/usr/lib/python3.10/importlib/__init__.py", line 126, in import_module
    return _bootstrap._gcd_import(name[level:], package, level)
  File "<frozen importlib._bootstrap>", line 1050, in _gcd_import
  File "<frozen importlib._bootstrap>", line 1027, in _find_and_load
  File "<frozen importlib._bootstrap>", line 1006, in _find_and_load_unlocked
  File "<frozen importlib._bootstrap>", line 688, in _load_unlocked
  File "<frozen importlib._bootstrap_external>", line 883, in exec_module
  File "<frozen importlib._bootstrap>", line 241, in _call_with_frames_removed
  File "/usr/lib/python3/dist-packages/colcon_bash/shell/bash.py", line 13, in <module>
    from colcon_core.shell.template import expand_template
  File "/usr/lib/python3/dist-packages/colcon_core/shell/template/__init__.py", line 19, in <module>
    raise e from None
  File "/usr/lib/python3/dist-packages/colcon_core/shell/template/__init__.py", line 10, in <module>
    from em import OVERRIDE_OPT
ImportError: cannot import name 'OVERRIDE_OPT' from 'em' (/nix/store/i9njf27l2pi034rsb4w19ncsdbxynjcx-python3.12-empy-4.1/lib/python3.12/site-packages/em.py) The Python package 'empy' must be installed and 'em' must not be installed since both packages share the same namespace

[1.803s] ERROR:colcon.colcon_core.extension_point:Exception loading extension 'colcon_core.shell.powershell': cannot import name 'OVERRIDE_OPT' from 'em' (/nix/store/i9njf27l2pi034rsb4w19ncsdbxynjcx-python3.12-empy-4.1/lib/python3.12/site-packages/em.py) The Python package 'empy' must be installed and 'em' must not be installed since both packages share the same namespace
Traceback (most recent call last):
  File "/usr/lib/python3/dist-packages/colcon_core/extension_point.py", line 169, in load_extension_points
    extension_type = load_extension_point(name, value, group)
  File "/usr/lib/python3/dist-packages/colcon_core/extension_point.py", line 210, in load_extension_point
    return EntryPoint(name, value, group).load()
  File "/usr/lib/python3.10/importlib/metadata/__init__.py", line 171, in load
    module = import_module(match.group('module'))
  File "/usr/lib/python3.10/importlib/__init__.py", line 126, in import_module
    return _bootstrap._gcd_import(name[level:], package, level)
  File "<frozen importlib._bootstrap>", line 1050, in _gcd_import
  File "<frozen importlib._bootstrap>", line 1027, in _find_and_load
  File "<frozen importlib._bootstrap>", line 1006, in _find_and_load_unlocked
  File "<frozen importlib._bootstrap>", line 688, in _load_unlocked
  File "<frozen importlib._bootstrap_external>", line 883, in exec_module
  File "<frozen importlib._bootstrap>", line 241, in _call_with_frames_removed
  File "/usr/lib/python3/dist-packages/colcon_powershell/shell/powershell.py", line 17, in <module>
    from colcon_core.shell.template import expand_template
  File "/usr/lib/python3/dist-packages/colcon_core/shell/template/__init__.py", line 19, in <module>
    raise e from None
  File "/usr/lib/python3/dist-packages/colcon_core/shell/template/__init__.py", line 10, in <module>
    from em import OVERRIDE_OPT
ImportError: cannot import name 'OVERRIDE_OPT' from 'em' (/nix/store/i9njf27l2pi034rsb4w19ncsdbxynjcx-python3.12-empy-4.1/lib/python3.12/site-packages/em.py) The Python package 'empy' must be installed and 'em' must not be installed since both packages share the same namespace

[1.805s] ERROR:colcon.colcon_core.extension_point:Exception loading extension 'colcon_core.shell.zsh': cannot import name 'OVERRIDE_OPT' from 'em' (/nix/store/i9njf27l2pi034rsb4w19ncsdbxynjcx-python3.12-empy-4.1/lib/python3.12/site-packages/em.py) The Python package 'empy' must be installed and 'em' must not be installed since both packages share the same namespace
Traceback (most recent call last):
  File "/usr/lib/python3/dist-packages/colcon_core/extension_point.py", line 169, in load_extension_points
    extension_type = load_extension_point(name, value, group)
  File "/usr/lib/python3/dist-packages/colcon_core/extension_point.py", line 210, in load_extension_point
    return EntryPoint(name, value, group).load()
  File "/usr/lib/python3.10/importlib/metadata/__init__.py", line 171, in load
    module = import_module(match.group('module'))
  File "/usr/lib/python3.10/importlib/__init__.py", line 126, in import_module
    return _bootstrap._gcd_import(name[level:], package, level)
  File "<frozen importlib._bootstrap>", line 1050, in _gcd_import
  File "<frozen importlib._bootstrap>", line 1027, in _find_and_load
  File "<frozen importlib._bootstrap>", line 1006, in _find_and_load_unlocked
  File "<frozen importlib._bootstrap>", line 688, in _load_unlocked
  File "<frozen importlib._bootstrap_external>", line 883, in exec_module
  File "<frozen importlib._bootstrap>", line 241, in _call_with_frames_removed
  File "/usr/lib/python3/dist-packages/colcon_zsh/shell/zsh.py", line 13, in <module>
    from colcon_core.shell.template import expand_template
  File "/usr/lib/python3/dist-packages/colcon_core/shell/template/__init__.py", line 19, in <module>
    raise e from None
  File "/usr/lib/python3/dist-packages/colcon_core/shell/template/__init__.py", line 10, in <module>
    from em import OVERRIDE_OPT
ImportError: cannot import name 'OVERRIDE_OPT' from 'em' (/nix/store/i9njf27l2pi034rsb4w19ncsdbxynjcx-python3.12-empy-4.1/lib/python3.12/site-packages/em.py) The Python package 'empy' must be installed and 'em' must not be installed since both packages share the same namespace

[1.806s] Level 1:colcon.colcon_core.environment:create_file_with_runtime_dependencies(/home/urc/rover/install/realsense2_camera_msgs/share/colcon-core/packages/realsense2_camera_msgs)
[1.818s] DEBUG:colcon.colcon_parallel_executor.executor.parallel:closing loop
[1.818s] DEBUG:colcon.colcon_parallel_executor.executor.parallel:loop closed
[1.818s] DEBUG:colcon.colcon_parallel_executor.executor.parallel:run_until_complete finished with '1'
[1.818s] DEBUG:colcon.colcon_core.event_reactor:joining thread
[1.844s] INFO:colcon.colcon_core.plugin_system:Skipping extension 'colcon_notification.desktop_notification.notify_send': Could not find 'notify-send'
[1.845s] INFO:colcon.colcon_core.plugin_system:Skipping extension 'colcon_notification.desktop_notification.terminal_notifier': Not used on non-Darwin systems
[1.845s] INFO:colcon.colcon_core.plugin_system:Skipping extension 'colcon_notification.desktop_notification.win32': Not used on non-Windows systems
[1.845s] INFO:colcon.colcon_notification.desktop_notification:Sending desktop notification using 'notify2'
[1.848s] DEBUG:colcon.colcon_notification.desktop_notification.notify2:Failed to initialize notify2: org.freedesktop.DBus.Error.ServiceUnknown: The name org.freedesktop.Notifications was not provided by any .service files
[1.849s] DEBUG:colcon.colcon_core.event_reactor:joined thread
[1.852s] ERROR:colcon.colcon_core.extension_point:Exception loading extension 'colcon_core.shell.bat': cannot import name 'OVERRIDE_OPT' from 'em' (/nix/store/i9njf27l2pi034rsb4w19ncsdbxynjcx-python3.12-empy-4.1/lib/python3.12/site-packages/em.py) The Python package 'empy' must be installed and 'em' must not be installed since both packages share the same namespace
Traceback (most recent call last):
  File "/usr/lib/python3/dist-packages/colcon_core/extension_point.py", line 169, in load_extension_points
    extension_type = load_extension_point(name, value, group)
  File "/usr/lib/python3/dist-packages/colcon_core/extension_point.py", line 210, in load_extension_point
    return EntryPoint(name, value, group).load()
  File "/usr/lib/python3.10/importlib/metadata/__init__.py", line 171, in load
    module = import_module(match.group('module'))
  File "/usr/lib/python3.10/importlib/__init__.py", line 126, in import_module
    return _bootstrap._gcd_import(name[level:], package, level)
  File "<frozen importlib._bootstrap>", line 1050, in _gcd_import
  File "<frozen importlib._bootstrap>", line 1027, in _find_and_load
  File "<frozen importlib._bootstrap>", line 1006, in _find_and_load_unlocked
  File "<frozen importlib._bootstrap>", line 688, in _load_unlocked
  File "<frozen importlib._bootstrap_external>", line 883, in exec_module
  File "<frozen importlib._bootstrap>", line 241, in _call_with_frames_removed
  File "/usr/lib/python3/dist-packages/colcon_core/shell/bat.py", line 15, in <module>
    from colcon_core.shell.template import expand_template
  File "/usr/lib/python3/dist-packages/colcon_core/shell/template/__init__.py", line 19, in <module>
    raise e from None
  File "/usr/lib/python3/dist-packages/colcon_core/shell/template/__init__.py", line 10, in <module>
    from em import OVERRIDE_OPT
ImportError: cannot import name 'OVERRIDE_OPT' from 'em' (/nix/store/i9njf27l2pi034rsb4w19ncsdbxynjcx-python3.12-empy-4.1/lib/python3.12/site-packages/em.py) The Python package 'empy' must be installed and 'em' must not be installed since both packages share the same namespace

[1.854s] ERROR:colcon.colcon_core.extension_point:Exception loading extension 'colcon_core.shell.dsv': cannot import name 'OVERRIDE_OPT' from 'em' (/nix/store/i9njf27l2pi034rsb4w19ncsdbxynjcx-python3.12-empy-4.1/lib/python3.12/site-packages/em.py) The Python package 'empy' must be installed and 'em' must not be installed since both packages share the same namespace
Traceback (most recent call last):
  File "/usr/lib/python3/dist-packages/colcon_core/extension_point.py", line 169, in load_extension_points
    extension_type = load_extension_point(name, value, group)
  File "/usr/lib/python3/dist-packages/colcon_core/extension_point.py", line 210, in load_extension_point
    return EntryPoint(name, value, group).load()
  File "/usr/lib/python3.10/importlib/metadata/__init__.py", line 171, in load
    module = import_module(match.group('module'))
  File "/usr/lib/python3.10/importlib/__init__.py", line 126, in import_module
    return _bootstrap._gcd_import(name[level:], package, level)
  File "<frozen importlib._bootstrap>", line 1050, in _gcd_import
  File "<frozen importlib._bootstrap>", line 1027, in _find_and_load
  File "<frozen importlib._bootstrap>", line 1006, in _find_and_load_unlocked
  File "<frozen importlib._bootstrap>", line 688, in _load_unlocked
  File "<frozen importlib._bootstrap_external>", line 883, in exec_module
  File "<frozen importlib._bootstrap>", line 241, in _call_with_frames_removed
  File "/usr/lib/python3/dist-packages/colcon_core/shell/dsv.py", line 9, in <module>
    from colcon_core.shell.template import expand_template
  File "/usr/lib/python3/dist-packages/colcon_core/shell/template/__init__.py", line 19, in <module>
    raise e from None
  File "/usr/lib/python3/dist-packages/colcon_core/shell/template/__init__.py", line 10, in <module>
    from em import OVERRIDE_OPT
ImportError: cannot import name 'OVERRIDE_OPT' from 'em' (/nix/store/i9njf27l2pi034rsb4w19ncsdbxynjcx-python3.12-empy-4.1/lib/python3.12/site-packages/em.py) The Python package 'empy' must be installed and 'em' must not be installed since both packages share the same namespace

[1.857s] ERROR:colcon.colcon_core.extension_point:Exception loading extension 'colcon_core.shell.sh': cannot import name 'OVERRIDE_OPT' from 'em' (/nix/store/i9njf27l2pi034rsb4w19ncsdbxynjcx-python3.12-empy-4.1/lib/python3.12/site-packages/em.py) The Python package 'empy' must be installed and 'em' must not be installed since both packages share the same namespace
Traceback (most recent call last):
  File "/usr/lib/python3/dist-packages/colcon_core/extension_point.py", line 169, in load_extension_points
    extension_type = load_extension_point(name, value, group)
  File "/usr/lib/python3/dist-packages/colcon_core/extension_point.py", line 210, in load_extension_point
    return EntryPoint(name, value, group).load()
  File "/usr/lib/python3.10/importlib/metadata/__init__.py", line 171, in load
    module = import_module(match.group('module'))
  File "/usr/lib/python3.10/importlib/__init__.py", line 126, in import_module
    return _bootstrap._gcd_import(name[level:], package, level)
  File "<frozen importlib._bootstrap>", line 1050, in _gcd_import
  File "<frozen importlib._bootstrap>", line 1027, in _find_and_load
  File "<frozen importlib._bootstrap>", line 1006, in _find_and_load_unlocked
  File "<frozen importlib._bootstrap>", line 688, in _load_unlocked
  File "<frozen importlib._bootstrap_external>", line 883, in exec_module
  File "<frozen importlib._bootstrap>", line 241, in _call_with_frames_removed
  File "/usr/lib/python3/dist-packages/colcon_core/shell/sh.py", line 15, in <module>
    from colcon_core.shell.template import expand_template
  File "/usr/lib/python3/dist-packages/colcon_core/shell/template/__init__.py", line 19, in <module>
    raise e from None
  File "/usr/lib/python3/dist-packages/colcon_core/shell/template/__init__.py", line 10, in <module>
    from em import OVERRIDE_OPT
ImportError: cannot import name 'OVERRIDE_OPT' from 'em' (/nix/store/i9njf27l2pi034rsb4w19ncsdbxynjcx-python3.12-empy-4.1/lib/python3.12/site-packages/em.py) The Python package 'empy' must be installed and 'em' must not be installed since both packages share the same namespace

[1.860s] ERROR:colcon.colcon_core.extension_point:Exception loading extension 'colcon_core.shell.bash': cannot import name 'OVERRIDE_OPT' from 'em' (/nix/store/i9njf27l2pi034rsb4w19ncsdbxynjcx-python3.12-empy-4.1/lib/python3.12/site-packages/em.py) The Python package 'empy' must be installed and 'em' must not be installed since both packages share the same namespace
Traceback (most recent call last):
  File "/usr/lib/python3/dist-packages/colcon_core/extension_point.py", line 169, in load_extension_points
    extension_type = load_extension_point(name, value, group)
  File "/usr/lib/python3/dist-packages/colcon_core/extension_point.py", line 210, in load_extension_point
    return EntryPoint(name, value, group).load()
  File "/usr/lib/python3.10/importlib/metadata/__init__.py", line 171, in load
    module = import_module(match.group('module'))
  File "/usr/lib/python3.10/importlib/__init__.py", line 126, in import_module
    return _bootstrap._gcd_import(name[level:], package, level)
  File "<frozen importlib._bootstrap>", line 1050, in _gcd_import
  File "<frozen importlib._bootstrap>", line 1027, in _find_and_load
  File "<frozen importlib._bootstrap>", line 1006, in _find_and_load_unlocked
  File "<frozen importlib._bootstrap>", line 688, in _load_unlocked
  File "<frozen importlib._bootstrap_external>", line 883, in exec_module
  File "<frozen importlib._bootstrap>", line 241, in _call_with_frames_removed
  File "/usr/lib/python3/dist-packages/colcon_bash/shell/bash.py", line 13, in <module>
    from colcon_core.shell.template import expand_template
  File "/usr/lib/python3/dist-packages/colcon_core/shell/template/__init__.py", line 19, in <module>
    raise e from None
  File "/usr/lib/python3/dist-packages/colcon_core/shell/template/__init__.py", line 10, in <module>
    from em import OVERRIDE_OPT
ImportError: cannot import name 'OVERRIDE_OPT' from 'em' (/nix/store/i9njf27l2pi034rsb4w19ncsdbxynjcx-python3.12-empy-4.1/lib/python3.12/site-packages/em.py) The Python package 'empy' must be installed and 'em' must not be installed since both packages share the same namespace

[1.863s] ERROR:colcon.colcon_core.extension_point:Exception loading extension 'colcon_core.shell.powershell': cannot import name 'OVERRIDE_OPT' from 'em' (/nix/store/i9njf27l2pi034rsb4w19ncsdbxynjcx-python3.12-empy-4.1/lib/python3.12/site-packages/em.py) The Python package 'empy' must be installed and 'em' must not be installed since both packages share the same namespace
Traceback (most recent call last):
  File "/usr/lib/python3/dist-packages/colcon_core/extension_point.py", line 169, in load_extension_points
    extension_type = load_extension_point(name, value, group)
  File "/usr/lib/python3/dist-packages/colcon_core/extension_point.py", line 210, in load_extension_point
    return EntryPoint(name, value, group).load()
  File "/usr/lib/python3.10/importlib/metadata/__init__.py", line 171, in load
    module = import_module(match.group('module'))
  File "/usr/lib/python3.10/importlib/__init__.py", line 126, in import_module
    return _bootstrap._gcd_import(name[level:], package, level)
  File "<frozen importlib._bootstrap>", line 1050, in _gcd_import
  File "<frozen importlib._bootstrap>", line 1027, in _find_and_load
  File "<frozen importlib._bootstrap>", line 1006, in _find_and_load_unlocked
  File "<frozen importlib._bootstrap>", line 688, in _load_unlocked
  File "<frozen importlib._bootstrap_external>", line 883, in exec_module
  File "<frozen importlib._bootstrap>", line 241, in _call_with_frames_removed
  File "/usr/lib/python3/dist-packages/colcon_powershell/shell/powershell.py", line 17, in <module>
    from colcon_core.shell.template import expand_template
  File "/usr/lib/python3/dist-packages/colcon_core/shell/template/__init__.py", line 19, in <module>
    raise e from None
  File "/usr/lib/python3/dist-packages/colcon_core/shell/template/__init__.py", line 10, in <module>
    from em import OVERRIDE_OPT
ImportError: cannot import name 'OVERRIDE_OPT' from 'em' (/nix/store/i9njf27l2pi034rsb4w19ncsdbxynjcx-python3.12-empy-4.1/lib/python3.12/site-packages/em.py) The Python package 'empy' must be installed and 'em' must not be installed since both packages share the same namespace

[1.865s] ERROR:colcon.colcon_core.extension_point:Exception loading extension 'colcon_core.shell.zsh': cannot import name 'OVERRIDE_OPT' from 'em' (/nix/store/i9njf27l2pi034rsb4w19ncsdbxynjcx-python3.12-empy-4.1/lib/python3.12/site-packages/em.py) The Python package 'empy' must be installed and 'em' must not be installed since both packages share the same namespace
Traceback (most recent call last):
  File "/usr/lib/python3/dist-packages/colcon_core/extension_point.py", line 169, in load_extension_points
    extension_type = load_extension_point(name, value, group)
  File "/usr/lib/python3/dist-packages/colcon_core/extension_point.py", line 210, in load_extension_point
    return EntryPoint(name, value, group).load()
  File "/usr/lib/python3.10/importlib/metadata/__init__.py", line 171, in load
    module = import_module(match.group('module'))
  File "/usr/lib/python3.10/importlib/__init__.py", line 126, in import_module
    return _bootstrap._gcd_import(name[level:], package, level)
  File "<frozen importlib._bootstrap>", line 1050, in _gcd_import
  File "<frozen importlib._bootstrap>", line 1027, in _find_and_load
  File "<frozen importlib._bootstrap>", line 1006, in _find_and_load_unlocked
  File "<frozen importlib._bootstrap>", line 688, in _load_unlocked
  File "<frozen importlib._bootstrap_external>", line 883, in exec_module
  File "<frozen importlib._bootstrap>", line 241, in _call_with_frames_removed
  File "/usr/lib/python3/dist-packages/colcon_zsh/shell/zsh.py", line 13, in <module>
    from colcon_core.shell.template import expand_template
  File "/usr/lib/python3/dist-packages/colcon_core/shell/template/__init__.py", line 19, in <module>
    raise e from None
  File "/usr/lib/python3/dist-packages/colcon_core/shell/template/__init__.py", line 10, in <module>
    from em import OVERRIDE_OPT
ImportError: cannot import name 'OVERRIDE_OPT' from 'em' (/nix/store/i9njf27l2pi034rsb4w19ncsdbxynjcx-python3.12-empy-4.1/lib/python3.12/site-packages/em.py) The Python package 'empy' must be installed and 'em' must not be installed since both packages share the same namespace

